Using pre-set license

 COMMAND LINE ARGUMENTS:
/Applications/Unity/Hub/Editor/2020.3.4f1/Unity.app/Contents/MacOS/Unity
-adb2
-batchMode
-noUpm
-name
AssetImportWorker0
-projectPath
/Users/kouhei/develop/Unity/QR-test
-logFile
Logs/AssetImportWorker0.log
-srvPort
56440
Successfully changed project path to: /Users/kouhei/develop/Unity/QR-test
/Users/kouhei/develop/Unity/QR-test
Using Asset Import Pipeline V2.
Refreshing native plugins compatible for Editor in 32.22 ms, found 2 plugins.
Preloading 0 native plugins for Editor in 0.00 ms.
Initialize engine version: 2020.3.4f1 (0abb6314276a)
[Subsystems] Discovering subsystems at path /Applications/Unity/Hub/Editor/2020.3.4f1/Unity.app/Contents/Resources/UnitySubsystems
[Subsystems] Discovering subsystems at path /Users/kouhei/develop/Unity/QR-test/Assets
GfxDevice: creating device client; threaded=0
2021-06-15 03:45:12.502 Unity[4969:139267] (null) preferred device: Apple M1 (high power)
2021-06-15 03:45:12.502 Unity[4969:139267] Metal devices available: 1
2021-06-15 03:45:12.502 Unity[4969:139267] 0: Apple M1 (high power)
2021-06-15 03:45:12.502 Unity[4969:139267] Using device Apple M1 (high power)
Initializing Metal device caps: Apple M1
Initialize mono
Mono path[0] = '/Applications/Unity/Hub/Editor/2020.3.4f1/Unity.app/Contents/Managed'
Mono path[1] = '/Applications/Unity/Hub/Editor/2020.3.4f1/Unity.app/Contents/MonoBleedingEdge/lib/mono/unityjit'
Mono config path = '/Applications/Unity/Hub/Editor/2020.3.4f1/Unity.app/Contents/MonoBleedingEdge/etc'
Using monoOptions --debugger-agent=transport=dt_socket,embedding=1,server=y,suspend=n,address=127.0.0.1:56969
Begin MonoManager ReloadAssembly
Registering precompiled unity dll's ...
Register platform support module: /Applications/Unity/Hub/Editor/2020.3.4f1/Unity.app/Contents/PlaybackEngines/MacStandaloneSupport/UnityEditor.OSXStandalone.Extensions.dll
Registered in 0.001722 seconds.
Native extension for OSXStandalone target not found
Refreshing native plugins compatible for Editor in 33.04 ms, found 2 plugins.
Preloading 0 native plugins for Editor in 0.00 ms.
Mono: successfully reloaded assembly
- Completed reload, in  3.119 seconds
Platform modules already initialized, skipping
Registering precompiled user dll's ...
Registered in 0.000793 seconds.
Begin MonoManager ReloadAssembly
Native extension for OSXStandalone target not found
Refreshing native plugins compatible for Editor in 34.05 ms, found 2 plugins.
Preloading 0 native plugins for Editor in 0.00 ms.
Mono: successfully reloaded assembly
- Completed reload, in  2.354 seconds
Platform modules already initialized, skipping
========================================================================
Worker process is ready to serve import requests
Launching external process: /Applications/Unity/Hub/Editor/2020.3.4f1/Unity.app/Contents/Tools/UnityShaderCompiler
Launched and connected shader compiler UnityShaderCompiler after 0.03 seconds
Refreshing native plugins compatible for Editor in 0.29 ms, found 2 plugins.
Preloading 0 native plugins for Editor in 0.00 ms.
Unloading 1808 Unused Serialized files (Serialized files now loaded: 0)
System memory in use before: 152.9 MB.
System memory in use after: 152.9 MB.

Unloading 24 unused Assets to reduce memory usage. Loaded Objects now: 2251.
Total: 1.538333 ms (FindLiveObjects: 0.155292 ms CreateObjectMapping: 0.036500 ms MarkObjects: 1.224083 ms  DeleteObjects: 0.121583 ms)

========================================================================
Received Import Request.
  path: Assets/Scenes
  artifactKey: Guid(187b76a4086fc453c9c8e001e8afda69) Importer(815301076,1909f56bfc062723c751e8b465ee728b)
Start importing Assets/Scenes using Guid(187b76a4086fc453c9c8e001e8afda69) Importer(815301076,1909f56bfc062723c751e8b465ee728b)  -> (artifact id: '5ee86f782014c35a8e39869ff01cbf86') in 0.006476 seconds
  Import took 0.009177 seconds .

========================================================================
Received Import Request.
  Time since last request: 11.502817 seconds.
  path: Assets/00_Scene
  artifactKey: Guid(36c99a9cdd6b34d068909119131506b0) Importer(815301076,1909f56bfc062723c751e8b465ee728b)
Start importing Assets/00_Scene using Guid(36c99a9cdd6b34d068909119131506b0) Importer(815301076,1909f56bfc062723c751e8b465ee728b)  -> (artifact id: '725c6bd5340d82953059fa598d3c106b') in 0.001093 seconds
  Import took 0.004073 seconds .

========================================================================
Received Import Request.
  Time since last request: 12.159177 seconds.
  path: Assets/00_Scenes
  artifactKey: Guid(36c99a9cdd6b34d068909119131506b0) Importer(815301076,1909f56bfc062723c751e8b465ee728b)
Start importing Assets/00_Scenes using Guid(36c99a9cdd6b34d068909119131506b0) Importer(815301076,1909f56bfc062723c751e8b465ee728b)  -> (artifact id: '644d08f485d9d36c945ccc6e1cee0dca') in 0.000703 seconds
  Import took 0.002886 seconds .

========================================================================
Received Import Request.
  Time since last request: 16.309078 seconds.
  path: Assets/00_Scenes/QR_Sample.unity
  artifactKey: Guid(8f504483b0ab9434394fe0d12dfee12c) Importer(815301076,1909f56bfc062723c751e8b465ee728b)
Start importing Assets/00_Scenes/QR_Sample.unity using Guid(8f504483b0ab9434394fe0d12dfee12c) Importer(815301076,1909f56bfc062723c751e8b465ee728b)  -> (artifact id: '674320678e00a2faa182da3222465fff') in 0.015741 seconds
  Import took 0.018103 seconds .

========================================================================
Received Import Request.
  Time since last request: 19.081662 seconds.
  path: Assets/01_Script
  artifactKey: Guid(3dce0e2ca74f64064838fc9fc44231a1) Importer(815301076,1909f56bfc062723c751e8b465ee728b)
Start importing Assets/01_Script using Guid(3dce0e2ca74f64064838fc9fc44231a1) Importer(815301076,1909f56bfc062723c751e8b465ee728b)  -> (artifact id: 'f079606ff35213fcc43a3965e30e8bbc') in 0.001065 seconds
  Import took 0.004962 seconds .

========================================================================
Received Prepare
Registering precompiled user dll's ...
Registered in 0.000401 seconds.
Begin MonoManager ReloadAssembly
Native extension for OSXStandalone target not found
Refreshing native plugins compatible for Editor in 0.31 ms, found 2 plugins.
Preloading 0 native plugins for Editor in 0.00 ms.
Mono: successfully reloaded assembly
- Completed reload, in  2.294 seconds
Platform modules already initialized, skipping
Refreshing native plugins compatible for Editor in 0.29 ms, found 2 plugins.
Preloading 0 native plugins for Editor in 0.00 ms.
Unloading 1804 Unused Serialized files (Serialized files now loaded: 0)
System memory in use before: 153.1 MB.
System memory in use after: 153.0 MB.

Unloading 12 unused Assets to reduce memory usage. Loaded Objects now: 2256.
Total: 1.403250 ms (FindLiveObjects: 0.132292 ms CreateObjectMapping: 0.036333 ms MarkObjects: 1.138459 ms  DeleteObjects: 0.095292 ms)

========================================================================
Received Prepare
Registering precompiled user dll's ...
Registered in 0.000661 seconds.
Begin MonoManager ReloadAssembly
Native extension for OSXStandalone target not found
Refreshing native plugins compatible for Editor in 0.30 ms, found 2 plugins.
Preloading 0 native plugins for Editor in 0.00 ms.
Mono: successfully reloaded assembly
- Completed reload, in  2.240 seconds
Platform modules already initialized, skipping
Refreshing native plugins compatible for Editor in 0.26 ms, found 2 plugins.
Preloading 0 native plugins for Editor in 0.00 ms.
Unloading 1804 Unused Serialized files (Serialized files now loaded: 0)
System memory in use before: 153.3 MB.
System memory in use after: 153.2 MB.

Unloading 12 unused Assets to reduce memory usage. Loaded Objects now: 2260.
Total: 1.333209 ms (FindLiveObjects: 0.103750 ms CreateObjectMapping: 0.034708 ms MarkObjects: 1.105250 ms  DeleteObjects: 0.088834 ms)

========================================================================
Received Import Request.
  Time since last request: 95.870220 seconds.
  path: Assets/01_Script/QRCodeHelper.cs
  artifactKey: Guid(8ad114062a15e4fdb904b71b7cda0f4e) Importer(815301076,1909f56bfc062723c751e8b465ee728b)
Start importing Assets/01_Script/QRCodeHelper.cs using Guid(8ad114062a15e4fdb904b71b7cda0f4e) Importer(815301076,1909f56bfc062723c751e8b465ee728b)  -> (artifact id: '2954b90f906588b607c1243dc77c28d2') in 0.175427 seconds
  Import took 0.177975 seconds .

========================================================================
Received Import Request.
  Time since last request: 17.815788 seconds.
  path: Assets/01_Script/QRCodeHelper.cs
  artifactKey: Guid(8ad114062a15e4fdb904b71b7cda0f4e) Importer(815301076,1909f56bfc062723c751e8b465ee728b)
Start importing Assets/01_Script/QRCodeHelper.cs using Guid(8ad114062a15e4fdb904b71b7cda0f4e) Importer(815301076,1909f56bfc062723c751e8b465ee728b)  -> (artifact id: '33e488cecba8f85a39884d2897ad3d65') in 0.002436 seconds
  Import took 0.005047 seconds .

========================================================================
Received Import Request.
  Time since last request: 250.592782 seconds.
  path: Assets/22_Plugins
  artifactKey: Guid(5a819f41d9ae04880b787d4da6aa3d38) Importer(815301076,1909f56bfc062723c751e8b465ee728b)
Start importing Assets/22_Plugins using Guid(5a819f41d9ae04880b787d4da6aa3d38) Importer(815301076,1909f56bfc062723c751e8b465ee728b)  -> (artifact id: 'a8dd95b44c67a60580ee355ad7b7765b') in 0.002118 seconds
  Import took 0.011210 seconds .

========================================================================
Received Import Request.
  Time since last request: 13.291452 seconds.
  path: Assets/50_Plugins
  artifactKey: Guid(5a819f41d9ae04880b787d4da6aa3d38) Importer(815301076,1909f56bfc062723c751e8b465ee728b)
Start importing Assets/50_Plugins using Guid(5a819f41d9ae04880b787d4da6aa3d38) Importer(815301076,1909f56bfc062723c751e8b465ee728b)  -> (artifact id: 'bc40883e2bb72f21be188775ed3ee5b8') in 0.000686 seconds
  Import took 0.002901 seconds .

========================================================================
Received Import Request.
  Time since last request: 6.078532 seconds.
  path: Assets/20_Script
  artifactKey: Guid(3dce0e2ca74f64064838fc9fc44231a1) Importer(815301076,1909f56bfc062723c751e8b465ee728b)
Start importing Assets/20_Script using Guid(3dce0e2ca74f64064838fc9fc44231a1) Importer(815301076,1909f56bfc062723c751e8b465ee728b)  -> (artifact id: '889912f7e798f2170cda5f1248bb4b8d') in 0.000694 seconds
  Import took 0.003092 seconds .

========================================================================
Received Import Request.
  Time since last request: 532.341885 seconds.
  path: Assets/50_Plugins/UnityEngine.dll
  artifactKey: Guid(a64f24147eb3540abac28d443c85c7ca) Importer(815301076,1909f56bfc062723c751e8b465ee728b)
Start importing Assets/50_Plugins/UnityEngine.dll using Guid(a64f24147eb3540abac28d443c85c7ca) Importer(815301076,1909f56bfc062723c751e8b465ee728b)  -> (artifact id: 'a9d2aa89bf8ab424212e60a91b171b1f') in 0.572883 seconds
  Import took 0.585800 seconds .

========================================================================
Received Import Request.
  Time since last request: 0.000319 seconds.
  path: Assets/50_Plugins/UnityEditor.dll
  artifactKey: Guid(fdd606647021e498c977aa6ec8243593) Importer(815301076,1909f56bfc062723c751e8b465ee728b)
Start importing Assets/50_Plugins/UnityEditor.dll using Guid(fdd606647021e498c977aa6ec8243593) Importer(815301076,1909f56bfc062723c751e8b465ee728b)  -> (artifact id: '14e9502a89dd0be427f2f1f93f3b5e76') in 0.001280 seconds
  Import took 0.003214 seconds .

========================================================================
Received Prepare
Registering precompiled user dll's ...
Registered in 0.000825 seconds.
Begin MonoManager ReloadAssembly
Native extension for OSXStandalone target not found
Refreshing native plugins compatible for Editor in 0.38 ms, found 2 plugins.
Preloading 0 native plugins for Editor in 0.00 ms.
Mono: successfully reloaded assembly
- Completed reload, in  2.505 seconds
Platform modules already initialized, skipping
Refreshing native plugins compatible for Editor in 0.24 ms, found 2 plugins.
Preloading 0 native plugins for Editor in 0.00 ms.
Unloading 1805 Unused Serialized files (Serialized files now loaded: 0)
System memory in use before: 163.8 MB.
System memory in use after: 163.8 MB.

Unloading 13 unused Assets to reduce memory usage. Loaded Objects now: 2264.
Total: 1.401917 ms (FindLiveObjects: 0.138625 ms CreateObjectMapping: 0.034792 ms MarkObjects: 1.134750 ms  DeleteObjects: 0.092958 ms)

========================================================================
Received Prepare
Registering precompiled user dll's ...
Registered in 0.000842 seconds.
Begin MonoManager ReloadAssembly
Native extension for OSXStandalone target not found
Refreshing native plugins compatible for Editor in 0.34 ms, found 2 plugins.
Preloading 0 native plugins for Editor in 0.00 ms.
Mono: successfully reloaded assembly
- Completed reload, in  2.372 seconds
Platform modules already initialized, skipping
Refreshing native plugins compatible for Editor in 0.30 ms, found 2 plugins.
Preloading 0 native plugins for Editor in 0.00 ms.
Unloading 1806 Unused Serialized files (Serialized files now loaded: 0)
System memory in use before: 164.1 MB.
System memory in use after: 164.0 MB.

Unloading 13 unused Assets to reduce memory usage. Loaded Objects now: 2269.
Total: 1.412333 ms (FindLiveObjects: 0.136000 ms CreateObjectMapping: 0.035583 ms MarkObjects: 1.139500 ms  DeleteObjects: 0.100333 ms)

========================================================================
Received Prepare
Registering precompiled user dll's ...
Registered in 0.000679 seconds.
Begin MonoManager ReloadAssembly
Native extension for OSXStandalone target not found
Refreshing native plugins compatible for Editor in 0.30 ms, found 2 plugins.
Preloading 0 native plugins for Editor in 0.00 ms.
Mono: successfully reloaded assembly
- Completed reload, in  2.289 seconds
Platform modules already initialized, skipping
Refreshing native plugins compatible for Editor in 0.31 ms, found 2 plugins.
Preloading 0 native plugins for Editor in 0.00 ms.
Unloading 1806 Unused Serialized files (Serialized files now loaded: 0)
System memory in use before: 164.3 MB.
System memory in use after: 164.2 MB.

Unloading 13 unused Assets to reduce memory usage. Loaded Objects now: 2273.
Total: 1.560083 ms (FindLiveObjects: 0.158708 ms CreateObjectMapping: 0.035375 ms MarkObjects: 1.252667 ms  DeleteObjects: 0.112083 ms)

========================================================================
Received Import Request.
  Time since last request: 213.670181 seconds.
  path: Assets/20_Script/SampleQRReader.cs
  artifactKey: Guid(2cf510959e1244221aea90e1027862b9) Importer(815301076,1909f56bfc062723c751e8b465ee728b)
Start importing Assets/20_Script/SampleQRReader.cs using Guid(2cf510959e1244221aea90e1027862b9) Importer(815301076,1909f56bfc062723c751e8b465ee728b)  -> (artifact id: 'b419eced133d53a853bc01866c2bd1b3') in 0.007076 seconds
  Import took 0.009609 seconds .

========================================================================
Received Import Request.
  Time since last request: 0.043300 seconds.
  path: Assets/20_Script/SampleQRReader.cs
  artifactKey: Guid(2cf510959e1244221aea90e1027862b9) Importer(815301076,1909f56bfc062723c751e8b465ee728b)
Start importing Assets/20_Script/SampleQRReader.cs using Guid(2cf510959e1244221aea90e1027862b9) Importer(815301076,1909f56bfc062723c751e8b465ee728b)  -> (artifact id: 'b419eced133d53a853bc01866c2bd1b3') in 0.000894 seconds
  Import took 0.003162 seconds .

========================================================================
Received Prepare
Registering precompiled user dll's ...
Registered in 0.000696 seconds.
Begin MonoManager ReloadAssembly
Native extension for OSXStandalone target not found
Refreshing native plugins compatible for Editor in 0.36 ms, found 2 plugins.
Preloading 0 native plugins for Editor in 0.00 ms.
Mono: successfully reloaded assembly
- Completed reload, in  2.262 seconds
Platform modules already initialized, skipping
Refreshing native plugins compatible for Editor in 0.29 ms, found 2 plugins.
Preloading 0 native plugins for Editor in 0.00 ms.
Unloading 1806 Unused Serialized files (Serialized files now loaded: 0)
System memory in use before: 164.5 MB.
System memory in use after: 164.4 MB.

Unloading 13 unused Assets to reduce memory usage. Loaded Objects now: 2277.
Total: 1.453708 ms (FindLiveObjects: 0.140042 ms CreateObjectMapping: 0.037167 ms MarkObjects: 1.173875 ms  DeleteObjects: 0.101459 ms)

========================================================================
Received Import Request.
  Time since last request: 24.299853 seconds.
  path: Assets/20_Script/SampleQRReader.cs
  artifactKey: Guid(2cf510959e1244221aea90e1027862b9) Importer(815301076,1909f56bfc062723c751e8b465ee728b)
Start importing Assets/20_Script/SampleQRReader.cs using Guid(2cf510959e1244221aea90e1027862b9) Importer(815301076,1909f56bfc062723c751e8b465ee728b)  -> (artifact id: '6cef9337f4658cfdc78255383b55044b') in 0.005134 seconds
  Import took 0.007596 seconds .

========================================================================
Received Import Request.
  Time since last request: 0.029100 seconds.
  path: Assets/20_Script/SampleQRReader.cs
  artifactKey: Guid(2cf510959e1244221aea90e1027862b9) Importer(815301076,1909f56bfc062723c751e8b465ee728b)
Start importing Assets/20_Script/SampleQRReader.cs using Guid(2cf510959e1244221aea90e1027862b9) Importer(815301076,1909f56bfc062723c751e8b465ee728b)  -> (artifact id: '6cef9337f4658cfdc78255383b55044b') in 0.000842 seconds
  Import took 0.003331 seconds .

========================================================================
Received Prepare
Registering precompiled user dll's ...
Registered in 0.000622 seconds.
Begin MonoManager ReloadAssembly
Native extension for OSXStandalone target not found
Refreshing native plugins compatible for Editor in 0.35 ms, found 2 plugins.
Preloading 0 native plugins for Editor in 0.00 ms.
Mono: successfully reloaded assembly
- Completed reload, in  2.274 seconds
Platform modules already initialized, skipping
Refreshing native plugins compatible for Editor in 0.20 ms, found 2 plugins.
Preloading 0 native plugins for Editor in 0.00 ms.
Unloading 1806 Unused Serialized files (Serialized files now loaded: 0)
System memory in use before: 164.7 MB.
System memory in use after: 164.7 MB.

Unloading 13 unused Assets to reduce memory usage. Loaded Objects now: 2281.
Total: 1.399583 ms (FindLiveObjects: 0.108042 ms CreateObjectMapping: 0.035083 ms MarkObjects: 1.163541 ms  DeleteObjects: 0.092292 ms)

========================================================================
Received Prepare
Registering precompiled user dll's ...
Registered in 0.000663 seconds.
Begin MonoManager ReloadAssembly
Native extension for OSXStandalone target not found
Refreshing native plugins compatible for Editor in 0.31 ms, found 2 plugins.
Preloading 0 native plugins for Editor in 0.00 ms.
Mono: successfully reloaded assembly
- Completed reload, in  2.326 seconds
Platform modules already initialized, skipping
Refreshing native plugins compatible for Editor in 0.30 ms, found 2 plugins.
Preloading 0 native plugins for Editor in 0.00 ms.
Unloading 1806 Unused Serialized files (Serialized files now loaded: 0)
System memory in use before: 164.9 MB.
System memory in use after: 164.8 MB.

Unloading 13 unused Assets to reduce memory usage. Loaded Objects now: 2285.
Total: 1.467083 ms (FindLiveObjects: 0.132083 ms CreateObjectMapping: 0.036667 ms MarkObjects: 1.199250 ms  DeleteObjects: 0.098125 ms)

========================================================================
Received Prepare
Registering precompiled user dll's ...
Registered in 0.000794 seconds.
Begin MonoManager ReloadAssembly
Native extension for OSXStandalone target not found
Refreshing native plugins compatible for Editor in 0.30 ms, found 2 plugins.
Preloading 0 native plugins for Editor in 0.00 ms.
Mono: successfully reloaded assembly
- Completed reload, in  2.252 seconds
Platform modules already initialized, skipping
Refreshing native plugins compatible for Editor in 0.29 ms, found 2 plugins.
Preloading 0 native plugins for Editor in 0.00 ms.
Unloading 1806 Unused Serialized files (Serialized files now loaded: 0)
System memory in use before: 165.1 MB.
System memory in use after: 165.0 MB.

Unloading 13 unused Assets to reduce memory usage. Loaded Objects now: 2289.
Total: 1.472625 ms (FindLiveObjects: 0.119167 ms CreateObjectMapping: 0.034041 ms MarkObjects: 1.212958 ms  DeleteObjects: 0.105459 ms)

========================================================================
Received Prepare
Registering precompiled user dll's ...
Registered in 0.000778 seconds.
Begin MonoManager ReloadAssembly
Native extension for OSXStandalone target not found
Refreshing native plugins compatible for Editor in 0.31 ms, found 2 plugins.
Preloading 0 native plugins for Editor in 0.00 ms.
Mono: successfully reloaded assembly
- Completed reload, in  2.362 seconds
Platform modules already initialized, skipping
Switching build target platform(2) subTarget(0) extendedPlatform(0) -> platform(13) subTarget(537395200) extendedPlatform(0)
Refreshing native plugins compatible for Editor in 0.35 ms, found 2 plugins.
Preloading 0 native plugins for Editor in 0.00 ms.
Unloading 1810 Unused Serialized files (Serialized files now loaded: 0)
System memory in use before: 165.2 MB.
System memory in use after: 165.2 MB.

Unloading 13 unused Assets to reduce memory usage. Loaded Objects now: 2293.
Total: 1.464834 ms (FindLiveObjects: 0.145750 ms CreateObjectMapping: 0.036750 ms MarkObjects: 1.176292 ms  DeleteObjects: 0.105084 ms)

AssetImportParameters requested are different than current active one (requested -> active):
  custom:graphics/normal-map-encoding: 01000000000000000000000000000000 -> 02000000000000000000000000000000
========================================================================
Received Prepare
Refreshing native plugins compatible for Editor in 0.88 ms, found 2 plugins.
Preloading 0 native plugins for Editor in 0.00 ms.
Unloading 11 Unused Serialized files (Serialized files now loaded: 0)
System memory in use before: 129.8 MB.
System memory in use after: 129.8 MB.

Unloading 11 unused Assets to reduce memory usage. Loaded Objects now: 2293.
Total: 1.552000 ms (FindLiveObjects: 0.170459 ms CreateObjectMapping: 0.037042 ms MarkObjects: 1.230583 ms  DeleteObjects: 0.112583 ms)

========================================================================
Received Prepare
Refreshing native plugins compatible for Editor in 2.07 ms, found 2 plugins.
Preloading 0 native plugins for Editor in 0.00 ms.
Unloading 11 Unused Serialized files (Serialized files now loaded: 0)
System memory in use before: 131.8 MB.
System memory in use after: 131.8 MB.

Unloading 11 unused Assets to reduce memory usage. Loaded Objects now: 2293.
Total: 5.107792 ms (FindLiveObjects: 0.354791 ms CreateObjectMapping: 0.040250 ms MarkObjects: 4.575042 ms  DeleteObjects: 0.137083 ms)

========================================================================
Received Prepare
Registering precompiled user dll's ...
Registered in 0.000785 seconds.
Begin MonoManager ReloadAssembly
Native extension for OSXStandalone target not found
Refreshing native plugins compatible for Editor in 0.34 ms, found 2 plugins.
Preloading 0 native plugins for Editor in 0.00 ms.
Mono: successfully reloaded assembly
- Completed reload, in  2.349 seconds
Platform modules already initialized, skipping
Switching build target platform(2) subTarget(0) extendedPlatform(0) -> platform(13) subTarget(537395200) extendedPlatform(0)
Refreshing native plugins compatible for Editor in 0.22 ms, found 2 plugins.
Preloading 0 native plugins for Editor in 0.00 ms.
Unloading 1810 Unused Serialized files (Serialized files now loaded: 0)
System memory in use before: 167.4 MB.
System memory in use after: 167.4 MB.

Unloading 13 unused Assets to reduce memory usage. Loaded Objects now: 2297.
Total: 1.355042 ms (FindLiveObjects: 0.120333 ms CreateObjectMapping: 0.035000 ms MarkObjects: 1.101666 ms  DeleteObjects: 0.097334 ms)

AssetImportParameters requested are different than current active one (requested -> active):
  custom:graphics/normal-map-encoding: 01000000000000000000000000000000 -> 02000000000000000000000000000000
========================================================================
Received Prepare
Registering precompiled user dll's ...
Registered in 0.000856 seconds.
Begin MonoManager ReloadAssembly
Native extension for OSXStandalone target not found
Refreshing native plugins compatible for Editor in 0.37 ms, found 2 plugins.
Preloading 0 native plugins for Editor in 0.00 ms.
Mono: successfully reloaded assembly
- Completed reload, in  2.495 seconds
Platform modules already initialized, skipping
Switching build target platform(2) subTarget(0) extendedPlatform(0) -> platform(13) subTarget(537395200) extendedPlatform(0)
Refreshing native plugins compatible for Editor in 0.30 ms, found 2 plugins.
Preloading 0 native plugins for Editor in 0.00 ms.
Unloading 1810 Unused Serialized files (Serialized files now loaded: 0)
System memory in use before: 167.6 MB.
System memory in use after: 167.6 MB.

Unloading 13 unused Assets to reduce memory usage. Loaded Objects now: 2301.
Total: 1.497459 ms (FindLiveObjects: 0.138125 ms CreateObjectMapping: 0.035750 ms MarkObjects: 1.206667 ms  DeleteObjects: 0.116042 ms)

AssetImportParameters requested are different than current active one (requested -> active):
  custom:graphics/normal-map-encoding: 01000000000000000000000000000000 -> 02000000000000000000000000000000
========================================================================
Received Prepare
Registering precompiled user dll's ...
Registered in 0.000452 seconds.
Begin MonoManager ReloadAssembly
Native extension for OSXStandalone target not found
Refreshing native plugins compatible for Editor in 0.32 ms, found 2 plugins.
Preloading 0 native plugins for Editor in 0.00 ms.
Mono: successfully reloaded assembly
- Completed reload, in  2.424 seconds
Platform modules already initialized, skipping
Switching build target platform(2) subTarget(0) extendedPlatform(0) -> platform(13) subTarget(537395200) extendedPlatform(0)
Refreshing native plugins compatible for Editor in 0.23 ms, found 2 plugins.
Preloading 0 native plugins for Editor in 0.00 ms.
Unloading 1810 Unused Serialized files (Serialized files now loaded: 0)
System memory in use before: 167.8 MB.
System memory in use after: 167.8 MB.

Unloading 13 unused Assets to reduce memory usage. Loaded Objects now: 2305.
Total: 1.479875 ms (FindLiveObjects: 0.109667 ms CreateObjectMapping: 0.037459 ms MarkObjects: 1.229459 ms  DeleteObjects: 0.102541 ms)

AssetImportParameters requested are different than current active one (requested -> active):
  custom:graphics/normal-map-encoding: 01000000000000000000000000000000 -> 02000000000000000000000000000000
========================================================================
Received Prepare
Registering precompiled user dll's ...
Registered in 0.000507 seconds.
Begin MonoManager ReloadAssembly
Native extension for OSXStandalone target not found
Refreshing native plugins compatible for Editor in 0.32 ms, found 2 plugins.
Preloading 0 native plugins for Editor in 0.00 ms.
Mono: successfully reloaded assembly
- Completed reload, in  2.366 seconds
Platform modules already initialized, skipping
Switching build target platform(2) subTarget(0) extendedPlatform(0) -> platform(13) subTarget(537395200) extendedPlatform(0)
Refreshing native plugins compatible for Editor in 0.33 ms, found 2 plugins.
Preloading 0 native plugins for Editor in 0.00 ms.
Unloading 1810 Unused Serialized files (Serialized files now loaded: 0)
System memory in use before: 168.0 MB.
System memory in use after: 167.9 MB.

Unloading 13 unused Assets to reduce memory usage. Loaded Objects now: 2309.
Total: 1.436334 ms (FindLiveObjects: 0.138875 ms CreateObjectMapping: 0.035584 ms MarkObjects: 1.146375 ms  DeleteObjects: 0.114625 ms)

AssetImportParameters requested are different than current active one (requested -> active):
  custom:graphics/normal-map-encoding: 01000000000000000000000000000000 -> 02000000000000000000000000000000
========================================================================
Received Import Request.
  Time since last request: 1010.817811 seconds.
  path: Assets/New Folder
  artifactKey: Guid(4d894699d94e14421b30612ab7335901) Importer(815301076,1909f56bfc062723c751e8b465ee728b)
Start importing Assets/New Folder using Guid(4d894699d94e14421b30612ab7335901) Importer(815301076,1909f56bfc062723c751e8b465ee728b)  -> (artifact id: '2bca1c6b2d74cabd096aae69bd1e3829') in 0.005751 seconds
  Import took 0.008032 seconds .

========================================================================
Received Import Request.
  Time since last request: 5.978146 seconds.
  path: Assets/80_resource
  artifactKey: Guid(4d894699d94e14421b30612ab7335901) Importer(815301076,1909f56bfc062723c751e8b465ee728b)
Start importing Assets/80_resource using Guid(4d894699d94e14421b30612ab7335901) Importer(815301076,1909f56bfc062723c751e8b465ee728b)  -> (artifact id: 'c4d9dfaa9616bae995b8e86809765478') in 0.000869 seconds
  Import took 0.003023 seconds .

========================================================================
Received Import Request.
  Time since last request: 5.299823 seconds.
  path: Assets/80_Resource
  artifactKey: Guid(4d894699d94e14421b30612ab7335901) Importer(815301076,1909f56bfc062723c751e8b465ee728b)
Start importing Assets/80_Resource using Guid(4d894699d94e14421b30612ab7335901) Importer(815301076,1909f56bfc062723c751e8b465ee728b)  -> (artifact id: '8b9254e67f985ab88b23eb9ade8f7dcc') in 0.001635 seconds
  Import took 0.003837 seconds .

========================================================================
Received Import Request.
  Time since last request: 49.865206 seconds.
  path: Assets/80_Resource/webCamView.renderTexture
  artifactKey: Guid(62a7ebb51e64a4e009471202313fabaa) Importer(815301076,1909f56bfc062723c751e8b465ee728b)
Start importing Assets/80_Resource/webCamView.renderTexture using Guid(62a7ebb51e64a4e009471202313fabaa) Importer(815301076,1909f56bfc062723c751e8b465ee728b)  -> (artifact id: 'caf375b50b58207a2ca6ba3d7f225faa') in 0.763185 seconds
  Import took 0.768699 seconds .

========================================================================
Received Prepare
Registering precompiled user dll's ...
Registered in 0.001311 seconds.
Begin MonoManager ReloadAssembly
Native extension for OSXStandalone target not found
Refreshing native plugins compatible for Editor in 0.31 ms, found 2 plugins.
Preloading 0 native plugins for Editor in 0.00 ms.
Mono: successfully reloaded assembly
- Completed reload, in  2.498 seconds
Platform modules already initialized, skipping
Switching build target platform(2) subTarget(0) extendedPlatform(0) -> platform(13) subTarget(537395200) extendedPlatform(0)
Refreshing native plugins compatible for Editor in 0.34 ms, found 2 plugins.
Preloading 0 native plugins for Editor in 0.00 ms.
Unloading 1810 Unused Serialized files (Serialized files now loaded: 0)
System memory in use before: 175.8 MB.
System memory in use after: 175.7 MB.

Unloading 13 unused Assets to reduce memory usage. Loaded Objects now: 2318.
Total: 1.655333 ms (FindLiveObjects: 0.216458 ms CreateObjectMapping: 0.037875 ms MarkObjects: 1.291667 ms  DeleteObjects: 0.108083 ms)

AssetImportParameters requested are different than current active one (requested -> active):
  custom:graphics/normal-map-encoding: 01000000000000000000000000000000 -> 02000000000000000000000000000000
========================================================================
Received Prepare
Registering precompiled user dll's ...
Registered in 0.000678 seconds.
Begin MonoManager ReloadAssembly
Native extension for OSXStandalone target not found
Refreshing native plugins compatible for Editor in 33.22 ms, found 2 plugins.
Preloading 0 native plugins for Editor in 0.00 ms.
Mono: successfully reloaded assembly
- Completed reload, in  2.471 seconds
Platform modules already initialized, skipping
Switching build target platform(2) subTarget(0) extendedPlatform(0) -> platform(13) subTarget(537395200) extendedPlatform(0)
Refreshing native plugins compatible for Editor in 0.31 ms, found 2 plugins.
Preloading 0 native plugins for Editor in 0.00 ms.
Unloading 1855 Unused Serialized files (Serialized files now loaded: 0)
System memory in use before: 177.5 MB.
System memory in use after: 177.5 MB.

Unloading 13 unused Assets to reduce memory usage. Loaded Objects now: 2367.
Total: 1.537291 ms (FindLiveObjects: 0.169750 ms CreateObjectMapping: 0.037000 ms MarkObjects: 1.228292 ms  DeleteObjects: 0.101417 ms)

AssetImportParameters requested are different than current active one (requested -> active):
  custom:graphics/normal-map-encoding: 01000000000000000000000000000000 -> 02000000000000000000000000000000
========================================================================
Received Prepare
Registering precompiled user dll's ...
Registered in 0.001743 seconds.
Begin MonoManager ReloadAssembly
Native extension for OSXStandalone target not found
Refreshing native plugins compatible for Editor in 0.34 ms, found 2 plugins.
Preloading 0 native plugins for Editor in 0.00 ms.
Mono: successfully reloaded assembly
- Completed reload, in  2.554 seconds
Platform modules already initialized, skipping
Switching build target platform(2) subTarget(0) extendedPlatform(0) -> platform(13) subTarget(537395200) extendedPlatform(0)
Refreshing native plugins compatible for Editor in 0.32 ms, found 2 plugins.
Preloading 0 native plugins for Editor in 0.00 ms.
Unloading 1855 Unused Serialized files (Serialized files now loaded: 0)
System memory in use before: 178.2 MB.
System memory in use after: 178.1 MB.

Unloading 13 unused Assets to reduce memory usage. Loaded Objects now: 2371.
Total: 1.790541 ms (FindLiveObjects: 0.240042 ms CreateObjectMapping: 0.040375 ms MarkObjects: 1.388709 ms  DeleteObjects: 0.120250 ms)

AssetImportParameters requested are different than current active one (requested -> active):
  custom:graphics/normal-map-encoding: 01000000000000000000000000000000 -> 02000000000000000000000000000000
========================================================================
Received Prepare
Registering precompiled user dll's ...
Registered in 0.000505 seconds.
Begin MonoManager ReloadAssembly
Native extension for OSXStandalone target not found
Refreshing native plugins compatible for Editor in 0.32 ms, found 2 plugins.
Preloading 0 native plugins for Editor in 0.00 ms.
Mono: successfully reloaded assembly
- Completed reload, in  2.348 seconds
Platform modules already initialized, skipping
Switching build target platform(2) subTarget(0) extendedPlatform(0) -> platform(13) subTarget(537395200) extendedPlatform(0)
Refreshing native plugins compatible for Editor in 0.31 ms, found 2 plugins.
Preloading 0 native plugins for Editor in 0.00 ms.
Unloading 1855 Unused Serialized files (Serialized files now loaded: 0)
System memory in use before: 178.4 MB.
System memory in use after: 178.4 MB.

Unloading 13 unused Assets to reduce memory usage. Loaded Objects now: 2375.
Total: 1.478584 ms (FindLiveObjects: 0.131750 ms CreateObjectMapping: 0.037417 ms MarkObjects: 1.198833 ms  DeleteObjects: 0.109375 ms)

AssetImportParameters requested are different than current active one (requested -> active):
  custom:graphics/normal-map-encoding: 01000000000000000000000000000000 -> 02000000000000000000000000000000
========================================================================
Received Prepare
Registering precompiled user dll's ...
Registered in 0.000711 seconds.
Begin MonoManager ReloadAssembly
Native extension for OSXStandalone target not found
Refreshing native plugins compatible for Editor in 0.33 ms, found 2 plugins.
Preloading 0 native plugins for Editor in 0.00 ms.
Mono: successfully reloaded assembly
- Completed reload, in  2.312 seconds
Platform modules already initialized, skipping
Switching build target platform(2) subTarget(0) extendedPlatform(0) -> platform(13) subTarget(537395200) extendedPlatform(0)
Refreshing native plugins compatible for Editor in 0.27 ms, found 2 plugins.
Preloading 0 native plugins for Editor in 0.00 ms.
Unloading 1855 Unused Serialized files (Serialized files now loaded: 0)
System memory in use before: 178.5 MB.
System memory in use after: 178.5 MB.

Unloading 13 unused Assets to reduce memory usage. Loaded Objects now: 2379.
Total: 1.468334 ms (FindLiveObjects: 0.141750 ms CreateObjectMapping: 0.038250 ms MarkObjects: 1.184125 ms  DeleteObjects: 0.103083 ms)

AssetImportParameters requested are different than current active one (requested -> active):
  custom:graphics/normal-map-encoding: 01000000000000000000000000000000 -> 02000000000000000000000000000000
========================================================================
Received Prepare
Registering precompiled user dll's ...
Registered in 0.001836 seconds.
Begin MonoManager ReloadAssembly
Native extension for OSXStandalone target not found
Refreshing native plugins compatible for Editor in 0.32 ms, found 2 plugins.
Preloading 0 native plugins for Editor in 0.00 ms.
Mono: successfully reloaded assembly
- Completed reload, in  2.362 seconds
Platform modules already initialized, skipping
Switching build target platform(2) subTarget(0) extendedPlatform(0) -> platform(13) subTarget(537395200) extendedPlatform(0)
Refreshing native plugins compatible for Editor in 0.34 ms, found 2 plugins.
Preloading 0 native plugins for Editor in 0.00 ms.
Unloading 1855 Unused Serialized files (Serialized files now loaded: 0)
System memory in use before: 178.7 MB.
System memory in use after: 178.7 MB.

Unloading 13 unused Assets to reduce memory usage. Loaded Objects now: 2383.
Total: 1.415750 ms (FindLiveObjects: 0.134291 ms CreateObjectMapping: 0.036167 ms MarkObjects: 1.135625 ms  DeleteObjects: 0.108875 ms)

AssetImportParameters requested are different than current active one (requested -> active):
  custom:graphics/normal-map-encoding: 01000000000000000000000000000000 -> 02000000000000000000000000000000
========================================================================
Received Prepare
Registering precompiled user dll's ...
Registered in 0.000690 seconds.
Begin MonoManager ReloadAssembly
Native extension for OSXStandalone target not found
Refreshing native plugins compatible for Editor in 0.33 ms, found 2 plugins.
Preloading 0 native plugins for Editor in 0.00 ms.
Mono: successfully reloaded assembly
- Completed reload, in  2.560 seconds
Platform modules already initialized, skipping
Switching build target platform(2) subTarget(0) extendedPlatform(0) -> platform(13) subTarget(537395200) extendedPlatform(0)
Refreshing native plugins compatible for Editor in 0.31 ms, found 2 plugins.
Preloading 0 native plugins for Editor in 0.00 ms.
Unloading 1855 Unused Serialized files (Serialized files now loaded: 0)
System memory in use before: 178.9 MB.
System memory in use after: 178.9 MB.

Unloading 13 unused Assets to reduce memory usage. Loaded Objects now: 2387.
Total: 1.595709 ms (FindLiveObjects: 0.204292 ms CreateObjectMapping: 0.037291 ms MarkObjects: 1.234250 ms  DeleteObjects: 0.118958 ms)

AssetImportParameters requested are different than current active one (requested -> active):
  custom:graphics/normal-map-encoding: 01000000000000000000000000000000 -> 02000000000000000000000000000000
========================================================================
Received Prepare
Registering precompiled user dll's ...
Registered in 0.001103 seconds.
Begin MonoManager ReloadAssembly
Native extension for OSXStandalone target not found
Refreshing native plugins compatible for Editor in 0.33 ms, found 2 plugins.
Preloading 0 native plugins for Editor in 0.00 ms.
Mono: successfully reloaded assembly
- Completed reload, in  2.371 seconds
Platform modules already initialized, skipping
Switching build target platform(2) subTarget(0) extendedPlatform(0) -> platform(13) subTarget(537395200) extendedPlatform(0)
Refreshing native plugins compatible for Editor in 0.29 ms, found 2 plugins.
Preloading 0 native plugins for Editor in 0.00 ms.
Unloading 1855 Unused Serialized files (Serialized files now loaded: 0)
System memory in use before: 179.1 MB.
System memory in use after: 179.1 MB.

Unloading 13 unused Assets to reduce memory usage. Loaded Objects now: 2391.
Total: 1.495334 ms (FindLiveObjects: 0.197417 ms CreateObjectMapping: 0.039875 ms MarkObjects: 1.152167 ms  DeleteObjects: 0.104709 ms)

AssetImportParameters requested are different than current active one (requested -> active):
  custom:graphics/normal-map-encoding: 01000000000000000000000000000000 -> 02000000000000000000000000000000
========================================================================
Received Prepare
Registering precompiled user dll's ...
Registered in 0.000507 seconds.
Begin MonoManager ReloadAssembly
Native extension for OSXStandalone target not found
Refreshing native plugins compatible for Editor in 0.32 ms, found 2 plugins.
Preloading 0 native plugins for Editor in 0.00 ms.
Mono: successfully reloaded assembly
- Completed reload, in  2.384 seconds
Platform modules already initialized, skipping
Switching build target platform(2) subTarget(0) extendedPlatform(0) -> platform(13) subTarget(537395200) extendedPlatform(0)
Refreshing native plugins compatible for Editor in 0.29 ms, found 2 plugins.
Preloading 0 native plugins for Editor in 0.00 ms.
Unloading 1855 Unused Serialized files (Serialized files now loaded: 0)
System memory in use before: 179.3 MB.
System memory in use after: 179.3 MB.

Unloading 13 unused Assets to reduce memory usage. Loaded Objects now: 2395.
Total: 1.439083 ms (FindLiveObjects: 0.136292 ms CreateObjectMapping: 0.037625 ms MarkObjects: 1.165458 ms  DeleteObjects: 0.098625 ms)

AssetImportParameters requested are different than current active one (requested -> active):
  custom:graphics/normal-map-encoding: 01000000000000000000000000000000 -> 02000000000000000000000000000000
========================================================================
Received Prepare
Registering precompiled user dll's ...
Registered in 0.000865 seconds.
Begin MonoManager ReloadAssembly
Native extension for OSXStandalone target not found
Refreshing native plugins compatible for Editor in 0.32 ms, found 2 plugins.
Preloading 0 native plugins for Editor in 0.00 ms.
Mono: successfully reloaded assembly
- Completed reload, in  2.318 seconds
Platform modules already initialized, skipping
Switching build target platform(2) subTarget(0) extendedPlatform(0) -> platform(13) subTarget(537395200) extendedPlatform(0)
Refreshing native plugins compatible for Editor in 0.28 ms, found 2 plugins.
Preloading 0 native plugins for Editor in 0.00 ms.
Unloading 1855 Unused Serialized files (Serialized files now loaded: 0)
System memory in use before: 179.5 MB.
System memory in use after: 179.5 MB.

Unloading 13 unused Assets to reduce memory usage. Loaded Objects now: 2399.
Total: 1.455208 ms (FindLiveObjects: 0.141666 ms CreateObjectMapping: 0.038125 ms MarkObjects: 1.167459 ms  DeleteObjects: 0.106750 ms)

AssetImportParameters requested are different than current active one (requested -> active):
  custom:graphics/normal-map-encoding: 01000000000000000000000000000000 -> 02000000000000000000000000000000
========================================================================
Received Prepare
Registering precompiled user dll's ...
Registered in 0.000543 seconds.
Begin MonoManager ReloadAssembly
Native extension for OSXStandalone target not found
Refreshing native plugins compatible for Editor in 0.33 ms, found 2 plugins.
Preloading 0 native plugins for Editor in 0.00 ms.
Mono: successfully reloaded assembly
- Completed reload, in  2.413 seconds
Platform modules already initialized, skipping
Switching build target platform(2) subTarget(0) extendedPlatform(0) -> platform(13) subTarget(537395200) extendedPlatform(0)
Refreshing native plugins compatible for Editor in 0.30 ms, found 2 plugins.
Preloading 0 native plugins for Editor in 0.00 ms.
Unloading 1855 Unused Serialized files (Serialized files now loaded: 0)
System memory in use before: 179.7 MB.
System memory in use after: 179.7 MB.

Unloading 13 unused Assets to reduce memory usage. Loaded Objects now: 2403.
Total: 1.572791 ms (FindLiveObjects: 0.136875 ms CreateObjectMapping: 0.045417 ms MarkObjects: 1.280833 ms  DeleteObjects: 0.108583 ms)

AssetImportParameters requested are different than current active one (requested -> active):
  custom:graphics/normal-map-encoding: 01000000000000000000000000000000 -> 02000000000000000000000000000000
========================================================================
Received Prepare
Registering precompiled user dll's ...
Registered in 0.000914 seconds.
Begin MonoManager ReloadAssembly
Native extension for OSXStandalone target not found
Refreshing native plugins compatible for Editor in 0.34 ms, found 2 plugins.
Preloading 0 native plugins for Editor in 0.00 ms.
Mono: successfully reloaded assembly
- Completed reload, in  2.693 seconds
Platform modules already initialized, skipping
Switching build target platform(2) subTarget(0) extendedPlatform(0) -> platform(13) subTarget(537395200) extendedPlatform(0)
Refreshing native plugins compatible for Editor in 0.33 ms, found 2 plugins.
Preloading 0 native plugins for Editor in 0.00 ms.
Unloading 1902 Unused Serialized files (Serialized files now loaded: 0)
System memory in use before: 183.4 MB.
System memory in use after: 182.8 MB.

Unloading 26 unused Assets to reduce memory usage. Loaded Objects now: 2441.
Total: 1.824500 ms (FindLiveObjects: 0.212958 ms CreateObjectMapping: 0.042417 ms MarkObjects: 1.211125 ms  DeleteObjects: 0.356917 ms)

AssetImportParameters requested are different than current active one (requested -> active):
  custom:graphics/normal-map-encoding: 01000000000000000000000000000000 -> 02000000000000000000000000000000
========================================================================
Received Prepare
Registering precompiled user dll's ...
Registered in 0.000967 seconds.
Begin MonoManager ReloadAssembly
Native extension for OSXStandalone target not found
Refreshing native plugins compatible for Editor in 0.32 ms, found 2 plugins.
Preloading 0 native plugins for Editor in 0.00 ms.
Mono: successfully reloaded assembly
- Completed reload, in  2.400 seconds
Platform modules already initialized, skipping
Switching build target platform(2) subTarget(0) extendedPlatform(0) -> platform(13) subTarget(537395200) extendedPlatform(0)
Refreshing native plugins compatible for Editor in 0.30 ms, found 2 plugins.
Preloading 0 native plugins for Editor in 0.00 ms.
Unloading 1902 Unused Serialized files (Serialized files now loaded: 0)
System memory in use before: 183.6 MB.
System memory in use after: 182.9 MB.

Unloading 26 unused Assets to reduce memory usage. Loaded Objects now: 2445.
Total: 1.962167 ms (FindLiveObjects: 0.267167 ms CreateObjectMapping: 0.038750 ms MarkObjects: 1.287042 ms  DeleteObjects: 0.368375 ms)

AssetImportParameters requested are different than current active one (requested -> active):
  custom:graphics/normal-map-encoding: 01000000000000000000000000000000 -> 02000000000000000000000000000000
========================================================================
Received Prepare
Registering precompiled user dll's ...
Registered in 0.000953 seconds.
Begin MonoManager ReloadAssembly
Native extension for OSXStandalone target not found
Refreshing native plugins compatible for Editor in 0.36 ms, found 2 plugins.
Preloading 0 native plugins for Editor in 0.00 ms.
Mono: successfully reloaded assembly
- Completed reload, in  2.503 seconds
Platform modules already initialized, skipping
Switching build target platform(2) subTarget(0) extendedPlatform(0) -> platform(13) subTarget(537395200) extendedPlatform(0)
Refreshing native plugins compatible for Editor in 0.29 ms, found 2 plugins.
Preloading 0 native plugins for Editor in 0.00 ms.
Unloading 1902 Unused Serialized files (Serialized files now loaded: 0)
System memory in use before: 183.8 MB.
System memory in use after: 183.1 MB.

Unloading 26 unused Assets to reduce memory usage. Loaded Objects now: 2449.
Total: 1.884083 ms (FindLiveObjects: 0.276250 ms CreateObjectMapping: 0.039375 ms MarkObjects: 1.215375 ms  DeleteObjects: 0.352167 ms)

AssetImportParameters requested are different than current active one (requested -> active):
  custom:graphics/normal-map-encoding: 01000000000000000000000000000000 -> 02000000000000000000000000000000
========================================================================
Received Prepare
Registering precompiled user dll's ...
Registered in 0.000551 seconds.
Begin MonoManager ReloadAssembly
Native extension for OSXStandalone target not found
Refreshing native plugins compatible for Editor in 0.40 ms, found 2 plugins.
Preloading 0 native plugins for Editor in 0.00 ms.
Mono: successfully reloaded assembly
- Completed reload, in  2.483 seconds
Platform modules already initialized, skipping
Switching build target platform(2) subTarget(0) extendedPlatform(0) -> platform(13) subTarget(537395200) extendedPlatform(0)
Refreshing native plugins compatible for Editor in 0.30 ms, found 2 plugins.
Preloading 0 native plugins for Editor in 0.00 ms.
Unloading 1902 Unused Serialized files (Serialized files now loaded: 0)
System memory in use before: 184.0 MB.
System memory in use after: 183.3 MB.

Unloading 26 unused Assets to reduce memory usage. Loaded Objects now: 2453.
Total: 1.732125 ms (FindLiveObjects: 0.124166 ms CreateObjectMapping: 0.038084 ms MarkObjects: 1.211500 ms  DeleteObjects: 0.357666 ms)

AssetImportParameters requested are different than current active one (requested -> active):
  custom:graphics/normal-map-encoding: 01000000000000000000000000000000 -> 02000000000000000000000000000000
========================================================================
Received Prepare
Registering precompiled user dll's ...
Registered in 0.001000 seconds.
Begin MonoManager ReloadAssembly
Native extension for OSXStandalone target not found
Refreshing native plugins compatible for Editor in 0.42 ms, found 2 plugins.
Preloading 0 native plugins for Editor in 0.00 ms.
Mono: successfully reloaded assembly
- Completed reload, in  2.549 seconds
Platform modules already initialized, skipping
Switching build target platform(2) subTarget(0) extendedPlatform(0) -> platform(13) subTarget(537395200) extendedPlatform(0)
Refreshing native plugins compatible for Editor in 0.29 ms, found 2 plugins.
Preloading 0 native plugins for Editor in 0.00 ms.
Unloading 1902 Unused Serialized files (Serialized files now loaded: 0)
System memory in use before: 184.2 MB.
System memory in use after: 183.5 MB.

Unloading 26 unused Assets to reduce memory usage. Loaded Objects now: 2457.
Total: 1.855792 ms (FindLiveObjects: 0.200625 ms CreateObjectMapping: 0.040500 ms MarkObjects: 1.262333 ms  DeleteObjects: 0.351625 ms)

AssetImportParameters requested are different than current active one (requested -> active):
  custom:graphics/normal-map-encoding: 01000000000000000000000000000000 -> 02000000000000000000000000000000
========================================================================
Received Prepare
Registering precompiled user dll's ...
Registered in 0.001008 seconds.
Begin MonoManager ReloadAssembly
Native extension for OSXStandalone target not found
Refreshing native plugins compatible for Editor in 0.36 ms, found 2 plugins.
Preloading 0 native plugins for Editor in 0.00 ms.
Mono: successfully reloaded assembly
- Completed reload, in  2.449 seconds
Platform modules already initialized, skipping
Switching build target platform(2) subTarget(0) extendedPlatform(0) -> platform(13) subTarget(537395200) extendedPlatform(0)
Refreshing native plugins compatible for Editor in 0.29 ms, found 2 plugins.
Preloading 0 native plugins for Editor in 0.00 ms.
Unloading 1902 Unused Serialized files (Serialized files now loaded: 0)
System memory in use before: 184.4 MB.
System memory in use after: 183.7 MB.

Unloading 26 unused Assets to reduce memory usage. Loaded Objects now: 2461.
Total: 1.681083 ms (FindLiveObjects: 0.127833 ms CreateObjectMapping: 0.037667 ms MarkObjects: 1.164208 ms  DeleteObjects: 0.350625 ms)

AssetImportParameters requested are different than current active one (requested -> active):
  custom:graphics/normal-map-encoding: 01000000000000000000000000000000 -> 02000000000000000000000000000000
========================================================================
Received Prepare
Registering precompiled user dll's ...
Registered in 0.002963 seconds.
Begin MonoManager ReloadAssembly
Native extension for OSXStandalone target not found
Refreshing native plugins compatible for Editor in 0.45 ms, found 2 plugins.
Preloading 0 native plugins for Editor in 0.00 ms.
Mono: successfully reloaded assembly
- Completed reload, in  2.498 seconds
Platform modules already initialized, skipping
Switching build target platform(2) subTarget(0) extendedPlatform(0) -> platform(13) subTarget(537395200) extendedPlatform(0)
Refreshing native plugins compatible for Editor in 0.32 ms, found 2 plugins.
Preloading 0 native plugins for Editor in 0.00 ms.
Unloading 1902 Unused Serialized files (Serialized files now loaded: 0)
System memory in use before: 184.6 MB.
System memory in use after: 184.0 MB.

Unloading 26 unused Assets to reduce memory usage. Loaded Objects now: 2465.
Total: 1.782584 ms (FindLiveObjects: 0.185875 ms CreateObjectMapping: 0.038334 ms MarkObjects: 1.184292 ms  DeleteObjects: 0.372708 ms)

AssetImportParameters requested are different than current active one (requested -> active):
  custom:graphics/normal-map-encoding: 01000000000000000000000000000000 -> 02000000000000000000000000000000
========================================================================
Received Prepare
Registering precompiled user dll's ...
Registered in 0.000904 seconds.
Begin MonoManager ReloadAssembly
Native extension for OSXStandalone target not found
Refreshing native plugins compatible for Editor in 0.39 ms, found 2 plugins.
Preloading 0 native plugins for Editor in 0.00 ms.
Mono: successfully reloaded assembly
- Completed reload, in  2.567 seconds
Platform modules already initialized, skipping
Switching build target platform(2) subTarget(0) extendedPlatform(0) -> platform(13) subTarget(537395200) extendedPlatform(0)
Refreshing native plugins compatible for Editor in 0.31 ms, found 2 plugins.
Preloading 0 native plugins for Editor in 0.00 ms.
Unloading 1901 Unused Serialized files (Serialized files now loaded: 0)
System memory in use before: 184.8 MB.
System memory in use after: 184.1 MB.

Unloading 27 unused Assets to reduce memory usage. Loaded Objects now: 2468.
Total: 1.781709 ms (FindLiveObjects: 0.232500 ms CreateObjectMapping: 0.039291 ms MarkObjects: 1.141334 ms  DeleteObjects: 0.367584 ms)

AssetImportParameters requested are different than current active one (requested -> active):
  custom:graphics/normal-map-encoding: 01000000000000000000000000000000 -> 02000000000000000000000000000000
========================================================================
Received Prepare
Registering precompiled user dll's ...
Registered in 0.001582 seconds.
Begin MonoManager ReloadAssembly
Native extension for OSXStandalone target not found
Refreshing native plugins compatible for Editor in 0.39 ms, found 2 plugins.
Preloading 0 native plugins for Editor in 0.00 ms.
Mono: successfully reloaded assembly
- Completed reload, in  2.487 seconds
Platform modules already initialized, skipping
Switching build target platform(2) subTarget(0) extendedPlatform(0) -> platform(13) subTarget(537395200) extendedPlatform(0)
Refreshing native plugins compatible for Editor in 0.31 ms, found 2 plugins.
Preloading 0 native plugins for Editor in 0.00 ms.
Unloading 1901 Unused Serialized files (Serialized files now loaded: 0)
System memory in use before: 185.0 MB.
System memory in use after: 184.4 MB.

Unloading 26 unused Assets to reduce memory usage. Loaded Objects now: 2472.
Total: 1.812208 ms (FindLiveObjects: 0.198375 ms CreateObjectMapping: 0.038917 ms MarkObjects: 1.188917 ms  DeleteObjects: 0.384291 ms)

AssetImportParameters requested are different than current active one (requested -> active):
  custom:graphics/normal-map-encoding: 01000000000000000000000000000000 -> 02000000000000000000000000000000
========================================================================
Received Prepare
Registering precompiled user dll's ...
Registered in 0.001392 seconds.
Begin MonoManager ReloadAssembly
Native extension for OSXStandalone target not found
Refreshing native plugins compatible for Editor in 0.42 ms, found 2 plugins.
Preloading 0 native plugins for Editor in 0.00 ms.
Mono: successfully reloaded assembly
- Completed reload, in  2.571 seconds
Platform modules already initialized, skipping
Switching build target platform(2) subTarget(0) extendedPlatform(0) -> platform(13) subTarget(537395200) extendedPlatform(0)
Refreshing native plugins compatible for Editor in 0.30 ms, found 2 plugins.
Preloading 0 native plugins for Editor in 0.00 ms.
Unloading 1901 Unused Serialized files (Serialized files now loaded: 0)
System memory in use before: 185.2 MB.
System memory in use after: 184.6 MB.

Unloading 26 unused Assets to reduce memory usage. Loaded Objects now: 2476.
Total: 1.750875 ms (FindLiveObjects: 0.161542 ms CreateObjectMapping: 0.038583 ms MarkObjects: 1.189417 ms  DeleteObjects: 0.360667 ms)

AssetImportParameters requested are different than current active one (requested -> active):
  custom:graphics/normal-map-encoding: 01000000000000000000000000000000 -> 02000000000000000000000000000000
========================================================================
Received Prepare
Registering precompiled user dll's ...
Registered in 0.000977 seconds.
Begin MonoManager ReloadAssembly
Native extension for OSXStandalone target not found
Refreshing native plugins compatible for Editor in 0.33 ms, found 2 plugins.
Preloading 0 native plugins for Editor in 0.00 ms.
Mono: successfully reloaded assembly
- Completed reload, in  2.375 seconds
Platform modules already initialized, skipping
Switching build target platform(2) subTarget(0) extendedPlatform(0) -> platform(13) subTarget(537395200) extendedPlatform(0)
Refreshing native plugins compatible for Editor in 0.32 ms, found 2 plugins.
Preloading 0 native plugins for Editor in 0.00 ms.
Unloading 1901 Unused Serialized files (Serialized files now loaded: 0)
System memory in use before: 185.4 MB.
System memory in use after: 184.8 MB.

Unloading 26 unused Assets to reduce memory usage. Loaded Objects now: 2480.
Total: 1.895084 ms (FindLiveObjects: 0.145167 ms CreateObjectMapping: 0.039500 ms MarkObjects: 1.289250 ms  DeleteObjects: 0.420459 ms)

AssetImportParameters requested are different than current active one (requested -> active):
  custom:graphics/normal-map-encoding: 01000000000000000000000000000000 -> 02000000000000000000000000000000
========================================================================
Received Prepare
Registering precompiled user dll's ...
Registered in 0.001497 seconds.
Begin MonoManager ReloadAssembly
Native extension for OSXStandalone target not found
Refreshing native plugins compatible for Editor in 0.33 ms, found 2 plugins.
Preloading 0 native plugins for Editor in 0.00 ms.
Mono: successfully reloaded assembly
- Completed reload, in  2.423 seconds
Platform modules already initialized, skipping
Switching build target platform(2) subTarget(0) extendedPlatform(0) -> platform(13) subTarget(537395200) extendedPlatform(0)
Refreshing native plugins compatible for Editor in 0.31 ms, found 2 plugins.
Preloading 0 native plugins for Editor in 0.00 ms.
Unloading 1901 Unused Serialized files (Serialized files now loaded: 0)
System memory in use before: 185.6 MB.
System memory in use after: 184.9 MB.

Unloading 26 unused Assets to reduce memory usage. Loaded Objects now: 2484.
Total: 1.840042 ms (FindLiveObjects: 0.234708 ms CreateObjectMapping: 0.042333 ms MarkObjects: 1.193833 ms  DeleteObjects: 0.368125 ms)

AssetImportParameters requested are different than current active one (requested -> active):
  custom:graphics/normal-map-encoding: 01000000000000000000000000000000 -> 02000000000000000000000000000000
========================================================================
Received Prepare
Registering precompiled user dll's ...
Registered in 0.000484 seconds.
Begin MonoManager ReloadAssembly
Native extension for OSXStandalone target not found
Refreshing native plugins compatible for Editor in 0.34 ms, found 2 plugins.
Preloading 0 native plugins for Editor in 0.00 ms.
Mono: successfully reloaded assembly
- Completed reload, in  2.486 seconds
Platform modules already initialized, skipping
Switching build target platform(2) subTarget(0) extendedPlatform(0) -> platform(13) subTarget(537395200) extendedPlatform(0)
Refreshing native plugins compatible for Editor in 0.29 ms, found 2 plugins.
Preloading 0 native plugins for Editor in 0.00 ms.
Unloading 1901 Unused Serialized files (Serialized files now loaded: 0)
System memory in use before: 185.8 MB.
System memory in use after: 185.2 MB.

Unloading 26 unused Assets to reduce memory usage. Loaded Objects now: 2488.
Total: 1.715166 ms (FindLiveObjects: 0.121417 ms CreateObjectMapping: 0.039625 ms MarkObjects: 1.199042 ms  DeleteObjects: 0.354417 ms)

AssetImportParameters requested are different than current active one (requested -> active):
  custom:graphics/normal-map-encoding: 01000000000000000000000000000000 -> 02000000000000000000000000000000
========================================================================
Received Prepare
Registering precompiled user dll's ...
Registered in 0.000578 seconds.
Begin MonoManager ReloadAssembly
Native extension for OSXStandalone target not found
Refreshing native plugins compatible for Editor in 0.35 ms, found 2 plugins.
Preloading 0 native plugins for Editor in 0.00 ms.
Mono: successfully reloaded assembly
- Completed reload, in  2.475 seconds
Platform modules already initialized, skipping
Switching build target platform(2) subTarget(0) extendedPlatform(0) -> platform(13) subTarget(537395200) extendedPlatform(0)
Refreshing native plugins compatible for Editor in 0.29 ms, found 2 plugins.
Preloading 0 native plugins for Editor in 0.00 ms.
Unloading 1901 Unused Serialized files (Serialized files now loaded: 0)
System memory in use before: 186.0 MB.
System memory in use after: 185.3 MB.

Unloading 26 unused Assets to reduce memory usage. Loaded Objects now: 2492.
Total: 1.769958 ms (FindLiveObjects: 0.195000 ms CreateObjectMapping: 0.039333 ms MarkObjects: 1.165292 ms  DeleteObjects: 0.369083 ms)

AssetImportParameters requested are different than current active one (requested -> active):
  custom:graphics/normal-map-encoding: 01000000000000000000000000000000 -> 02000000000000000000000000000000
========================================================================
Received Prepare
Registering precompiled user dll's ...
Registered in 0.000930 seconds.
Begin MonoManager ReloadAssembly
Native extension for OSXStandalone target not found
Refreshing native plugins compatible for Editor in 0.36 ms, found 2 plugins.
Preloading 0 native plugins for Editor in 0.00 ms.
Mono: successfully reloaded assembly
- Completed reload, in  2.532 seconds
Platform modules already initialized, skipping
Switching build target platform(2) subTarget(0) extendedPlatform(0) -> platform(13) subTarget(537395200) extendedPlatform(0)
Refreshing native plugins compatible for Editor in 0.34 ms, found 2 plugins.
Preloading 0 native plugins for Editor in 0.00 ms.
Unloading 1901 Unused Serialized files (Serialized files now loaded: 0)
System memory in use before: 186.2 MB.
System memory in use after: 185.5 MB.

Unloading 26 unused Assets to reduce memory usage. Loaded Objects now: 2496.
Total: 1.743666 ms (FindLiveObjects: 0.158958 ms CreateObjectMapping: 0.038292 ms MarkObjects: 1.170250 ms  DeleteObjects: 0.370709 ms)

AssetImportParameters requested are different than current active one (requested -> active):
  custom:graphics/normal-map-encoding: 01000000000000000000000000000000 -> 02000000000000000000000000000000
========================================================================
Received Prepare
Registering precompiled user dll's ...
Registered in 0.000725 seconds.
Begin MonoManager ReloadAssembly
Native extension for OSXStandalone target not found
Refreshing native plugins compatible for Editor in 0.45 ms, found 2 plugins.
Preloading 0 native plugins for Editor in 0.00 ms.
Mono: successfully reloaded assembly
- Completed reload, in  2.395 seconds
Platform modules already initialized, skipping
Switching build target platform(2) subTarget(0) extendedPlatform(0) -> platform(13) subTarget(537395200) extendedPlatform(0)
Refreshing native plugins compatible for Editor in 0.29 ms, found 2 plugins.
Preloading 0 native plugins for Editor in 0.00 ms.
Unloading 1901 Unused Serialized files (Serialized files now loaded: 0)
System memory in use before: 186.4 MB.
System memory in use after: 185.7 MB.

Unloading 26 unused Assets to reduce memory usage. Loaded Objects now: 2500.
Total: 1.669000 ms (FindLiveObjects: 0.117958 ms CreateObjectMapping: 0.038500 ms MarkObjects: 1.153583 ms  DeleteObjects: 0.358333 ms)

AssetImportParameters requested are different than current active one (requested -> active):
  custom:graphics/normal-map-encoding: 01000000000000000000000000000000 -> 02000000000000000000000000000000
========================================================================
Received Prepare
Registering precompiled user dll's ...
Registered in 0.000548 seconds.
Begin MonoManager ReloadAssembly
Native extension for OSXStandalone target not found
Refreshing native plugins compatible for Editor in 0.35 ms, found 2 plugins.
Preloading 0 native plugins for Editor in 0.00 ms.
Mono: successfully reloaded assembly
- Completed reload, in  2.446 seconds
Platform modules already initialized, skipping
Switching build target platform(2) subTarget(0) extendedPlatform(0) -> platform(13) subTarget(537395200) extendedPlatform(0)
Refreshing native plugins compatible for Editor in 0.34 ms, found 2 plugins.
Preloading 0 native plugins for Editor in 0.00 ms.
Unloading 1901 Unused Serialized files (Serialized files now loaded: 0)
System memory in use before: 186.6 MB.
System memory in use after: 185.9 MB.

Unloading 26 unused Assets to reduce memory usage. Loaded Objects now: 2504.
Total: 1.836209 ms (FindLiveObjects: 0.174416 ms CreateObjectMapping: 0.043417 ms MarkObjects: 1.242083 ms  DeleteObjects: 0.375417 ms)

AssetImportParameters requested are different than current active one (requested -> active):
  custom:graphics/normal-map-encoding: 01000000000000000000000000000000 -> 02000000000000000000000000000000
========================================================================
Received Prepare
Registering precompiled user dll's ...
Registered in 0.000984 seconds.
Begin MonoManager ReloadAssembly
Native extension for OSXStandalone target not found
Refreshing native plugins compatible for Editor in 0.34 ms, found 2 plugins.
Preloading 0 native plugins for Editor in 0.00 ms.
Mono: successfully reloaded assembly
- Completed reload, in  2.469 seconds
Platform modules already initialized, skipping
Switching build target platform(2) subTarget(0) extendedPlatform(0) -> platform(13) subTarget(537395200) extendedPlatform(0)
Refreshing native plugins compatible for Editor in 0.33 ms, found 2 plugins.
Preloading 0 native plugins for Editor in 0.00 ms.
Unloading 1901 Unused Serialized files (Serialized files now loaded: 0)
System memory in use before: 186.8 MB.
System memory in use after: 186.1 MB.

Unloading 26 unused Assets to reduce memory usage. Loaded Objects now: 2508.
Total: 1.791666 ms (FindLiveObjects: 0.183209 ms CreateObjectMapping: 0.039167 ms MarkObjects: 1.184292 ms  DeleteObjects: 0.384084 ms)

AssetImportParameters requested are different than current active one (requested -> active):
  custom:graphics/normal-map-encoding: 01000000000000000000000000000000 -> 02000000000000000000000000000000
========================================================================
Received Prepare
Registering precompiled user dll's ...
Registered in 0.000737 seconds.
Begin MonoManager ReloadAssembly
Native extension for OSXStandalone target not found
Refreshing native plugins compatible for Editor in 0.36 ms, found 2 plugins.
Preloading 0 native plugins for Editor in 0.00 ms.
Mono: successfully reloaded assembly
- Completed reload, in  2.395 seconds
Platform modules already initialized, skipping
Switching build target platform(2) subTarget(0) extendedPlatform(0) -> platform(13) subTarget(537395200) extendedPlatform(0)
Refreshing native plugins compatible for Editor in 0.33 ms, found 2 plugins.
Preloading 0 native plugins for Editor in 0.00 ms.
Unloading 1901 Unused Serialized files (Serialized files now loaded: 0)
System memory in use before: 187.0 MB.
System memory in use after: 186.3 MB.

Unloading 26 unused Assets to reduce memory usage. Loaded Objects now: 2512.
Total: 2.064625 ms (FindLiveObjects: 0.230750 ms CreateObjectMapping: 0.042125 ms MarkObjects: 1.371125 ms  DeleteObjects: 0.419584 ms)

AssetImportParameters requested are different than current active one (requested -> active):
  custom:graphics/normal-map-encoding: 01000000000000000000000000000000 -> 02000000000000000000000000000000
========================================================================
Received Prepare
Registering precompiled user dll's ...
Registered in 0.001013 seconds.
Begin MonoManager ReloadAssembly
Native extension for OSXStandalone target not found
Refreshing native plugins compatible for Editor in 0.34 ms, found 2 plugins.
Preloading 0 native plugins for Editor in 0.00 ms.
Mono: successfully reloaded assembly
- Completed reload, in  2.409 seconds
Platform modules already initialized, skipping
Switching build target platform(2) subTarget(0) extendedPlatform(0) -> platform(13) subTarget(537395200) extendedPlatform(0)
Refreshing native plugins compatible for Editor in 0.34 ms, found 2 plugins.
Preloading 0 native plugins for Editor in 0.00 ms.
Unloading 1901 Unused Serialized files (Serialized files now loaded: 0)
System memory in use before: 187.2 MB.
System memory in use after: 186.5 MB.

Unloading 26 unused Assets to reduce memory usage. Loaded Objects now: 2516.
Total: 1.807417 ms (FindLiveObjects: 0.159208 ms CreateObjectMapping: 0.039792 ms MarkObjects: 1.207875 ms  DeleteObjects: 0.396833 ms)

AssetImportParameters requested are different than current active one (requested -> active):
  custom:graphics/normal-map-encoding: 01000000000000000000000000000000 -> 02000000000000000000000000000000
========================================================================
Received Prepare
Refreshing native plugins compatible for Editor in 1.26 ms, found 2 plugins.
Preloading 0 native plugins for Editor in 0.00 ms.
Unloading 24 Unused Serialized files (Serialized files now loaded: 0)
System memory in use before: 150.3 MB.
System memory in use after: 149.6 MB.

Unloading 24 unused Assets to reduce memory usage. Loaded Objects now: 2516.
Total: 6.052791 ms (FindLiveObjects: 0.483417 ms CreateObjectMapping: 0.039458 ms MarkObjects: 5.112667 ms  DeleteObjects: 0.416125 ms)

========================================================================
Received Prepare
Registering precompiled user dll's ...
Registered in 0.000853 seconds.
Begin MonoManager ReloadAssembly
Native extension for OSXStandalone target not found
Refreshing native plugins compatible for Editor in 0.46 ms, found 2 plugins.
Preloading 0 native plugins for Editor in 0.00 ms.
Mono: successfully reloaded assembly
- Completed reload, in  2.550 seconds
Platform modules already initialized, skipping
Switching build target platform(2) subTarget(0) extendedPlatform(0) -> platform(13) subTarget(537395200) extendedPlatform(0)
Refreshing native plugins compatible for Editor in 0.30 ms, found 2 plugins.
Preloading 0 native plugins for Editor in 0.00 ms.
Unloading 1901 Unused Serialized files (Serialized files now loaded: 0)
System memory in use before: 187.4 MB.
System memory in use after: 186.7 MB.

Unloading 26 unused Assets to reduce memory usage. Loaded Objects now: 2520.
Total: 1.762541 ms (FindLiveObjects: 0.173083 ms CreateObjectMapping: 0.038875 ms MarkObjects: 1.196042 ms  DeleteObjects: 0.353667 ms)

AssetImportParameters requested are different than current active one (requested -> active):
  custom:graphics/normal-map-encoding: 01000000000000000000000000000000 -> 02000000000000000000000000000000
========================================================================
Received Prepare
Registering precompiled user dll's ...
Registered in 0.001205 seconds.
Begin MonoManager ReloadAssembly
Native extension for OSXStandalone target not found
Refreshing native plugins compatible for Editor in 0.32 ms, found 2 plugins.
Preloading 0 native plugins for Editor in 0.00 ms.
Mono: successfully reloaded assembly
- Completed reload, in  2.398 seconds
Platform modules already initialized, skipping
Switching build target platform(2) subTarget(0) extendedPlatform(0) -> platform(13) subTarget(537395200) extendedPlatform(0)
Refreshing native plugins compatible for Editor in 0.33 ms, found 2 plugins.
Preloading 0 native plugins for Editor in 0.00 ms.
Unloading 1901 Unused Serialized files (Serialized files now loaded: 0)
System memory in use before: 187.6 MB.
System memory in use after: 186.9 MB.

Unloading 26 unused Assets to reduce memory usage. Loaded Objects now: 2524.
Total: 1.872750 ms (FindLiveObjects: 0.193083 ms CreateObjectMapping: 0.040916 ms MarkObjects: 1.231625 ms  DeleteObjects: 0.405250 ms)

AssetImportParameters requested are different than current active one (requested -> active):
  custom:graphics/normal-map-encoding: 01000000000000000000000000000000 -> 02000000000000000000000000000000
========================================================================
Received Prepare
Refreshing native plugins compatible for Editor in 0.91 ms, found 2 plugins.
Preloading 0 native plugins for Editor in 0.00 ms.
Unloading 24 Unused Serialized files (Serialized files now loaded: 0)
System memory in use before: 150.7 MB.
System memory in use after: 150.0 MB.

Unloading 24 unused Assets to reduce memory usage. Loaded Objects now: 2524.
Total: 1.758750 ms (FindLiveObjects: 0.135417 ms CreateObjectMapping: 0.037542 ms MarkObjects: 1.196375 ms  DeleteObjects: 0.388708 ms)

========================================================================
Received Import Request.
  Time since last request: 5393.181380 seconds.
  path: Assets/TextMesh Pro
  artifactKey: Guid(f54d1bd14bd3ca042bd867b519fee8cc) Importer(815301076,1909f56bfc062723c751e8b465ee728b)
Start importing Assets/TextMesh Pro using Guid(f54d1bd14bd3ca042bd867b519fee8cc) Importer(815301076,1909f56bfc062723c751e8b465ee728b)  -> (artifact id: '848a6be426deb7a1866c2e2c59583138') in 0.015304 seconds
  Import took 0.038851 seconds .

========================================================================
Received Prepare
Registering precompiled user dll's ...
Registered in 0.000779 seconds.
Begin MonoManager ReloadAssembly
Native extension for OSXStandalone target not found
Refreshing native plugins compatible for Editor in 0.35 ms, found 2 plugins.
Preloading 0 native plugins for Editor in 0.00 ms.
Mono: successfully reloaded assembly
- Completed reload, in  2.590 seconds
Platform modules already initialized, skipping
Switching build target platform(2) subTarget(0) extendedPlatform(0) -> platform(13) subTarget(537395200) extendedPlatform(0)
Refreshing native plugins compatible for Editor in 0.34 ms, found 2 plugins.
Preloading 0 native plugins for Editor in 0.00 ms.
Unloading 1901 Unused Serialized files (Serialized files now loaded: 0)
System memory in use before: 187.8 MB.
System memory in use after: 187.1 MB.

Unloading 26 unused Assets to reduce memory usage. Loaded Objects now: 2528.
Total: 2.101209 ms (FindLiveObjects: 0.213958 ms CreateObjectMapping: 0.039834 ms MarkObjects: 1.339583 ms  DeleteObjects: 0.506542 ms)

AssetImportParameters requested are different than current active one (requested -> active):
  custom:graphics/normal-map-encoding: 01000000000000000000000000000000 -> 02000000000000000000000000000000
